Analysis & Synthesis report for arp
Thu Jul 21 01:29:13 2022
Quartus II 64-Bit Version 13.1.0 Build 162 10/23/2013 SJ Web Edition


---------------------
; Table of Contents ;
---------------------
  1. Legal Notice
  2. Analysis & Synthesis Summary
  3. Analysis & Synthesis Settings
  4. Parallel Compilation
  5. Analysis & Synthesis Source Files Read
  6. Analysis & Synthesis Resource Usage Summary
  7. Analysis & Synthesis Resource Utilization by Entity
  8. Analysis & Synthesis IP Cores Summary
  9. General Register Statistics
 10. Parameter Settings for User Entity Instance: h_bp_end:inst37|lpm_constant:LPM_CONSTANT_component
 11. Parameter Settings for User Entity Instance: v_bp_end:inst1|lpm_constant:LPM_CONSTANT_component
 12. Parameter Settings for User Entity Instance: v_fp_end:inst39|lpm_constant:LPM_CONSTANT_component
 13. Parameter Settings for User Entity Instance: v_sp_end:inst40|lpm_constant:LPM_CONSTANT_component
 14. Parameter Settings for User Entity Instance: h_fp_end:inst35|lpm_constant:LPM_CONSTANT_component
 15. Parameter Settings for User Entity Instance: h_sp_end:inst36|lpm_constant:LPM_CONSTANT_component
 16. Parameter Settings for User Entity Instance: fh:inst32|lpm_constant:LPM_CONSTANT_component
 17. Parameter Settings for User Entity Instance: h_va_end:inst26|lpm_constant:LPM_CONSTANT_component
 18. Parameter Settings for User Entity Instance: v_va_end:inst2|lpm_constant:LPM_CONSTANT_component
 19. Elapsed Time Per Partition
 20. Analysis & Synthesis Messages



----------------
; Legal Notice ;
----------------
Copyright (C) 1991-2013 Altera Corporation
Your use of Altera Corporation's design tools, logic functions 
and other software and tools, and its AMPP partner logic 
functions, and any output files from any of the foregoing 
(including device programming or simulation files), and any 
associated documentation or information are expressly subject 
to the terms and conditions of the Altera Program License 
Subscription Agreement, Altera MegaCore Function License 
Agreement, or other applicable license agreement, including, 
without limitation, that your use is for the sole purpose of 
programming logic devices manufactured by Altera and sold by 
Altera or its authorized distributors.  Please refer to the 
applicable agreement for further details.



+---------------------------------------------------------------------------------+
; Analysis & Synthesis Summary                                                    ;
+------------------------------------+--------------------------------------------+
; Analysis & Synthesis Status        ; Successful - Thu Jul 21 01:29:13 2022      ;
; Quartus II 64-Bit Version          ; 13.1.0 Build 162 10/23/2013 SJ Web Edition ;
; Revision Name                      ; arp                                        ;
; Top-level Entity Name              ; ramdac                                     ;
; Family                             ; Cyclone III                                ;
; Total logic elements               ; 57                                         ;
;     Total combinational functions  ; 57                                         ;
;     Dedicated logic registers      ; 25                                         ;
; Total registers                    ; 25                                         ;
; Total pins                         ; 47                                         ;
; Total virtual pins                 ; 0                                          ;
; Total memory bits                  ; 0                                          ;
; Embedded Multiplier 9-bit elements ; 0                                          ;
; Total PLLs                         ; 0                                          ;
+------------------------------------+--------------------------------------------+


+----------------------------------------------------------------------------------------------------------------------+
; Analysis & Synthesis Settings                                                                                        ;
+----------------------------------------------------------------------------+--------------------+--------------------+
; Option                                                                     ; Setting            ; Default Value      ;
+----------------------------------------------------------------------------+--------------------+--------------------+
; Device                                                                     ; EP3C16F484C6       ;                    ;
; Top-level entity name                                                      ; ramdac             ; arp                ;
; Family name                                                                ; Cyclone III        ; Cyclone IV GX      ;
; Use smart compilation                                                      ; Off                ; Off                ;
; Enable parallel Assembler and TimeQuest Timing Analyzer during compilation ; On                 ; On                 ;
; Enable compact report table                                                ; Off                ; Off                ;
; Restructure Multiplexers                                                   ; Auto               ; Auto               ;
; Create Debugging Nodes for IP Cores                                        ; Off                ; Off                ;
; Preserve fewer node names                                                  ; On                 ; On                 ;
; Disable OpenCore Plus hardware evaluation                                  ; Off                ; Off                ;
; Verilog Version                                                            ; Verilog_2001       ; Verilog_2001       ;
; VHDL Version                                                               ; VHDL_1993          ; VHDL_1993          ;
; State Machine Processing                                                   ; Auto               ; Auto               ;
; Safe State Machine                                                         ; Off                ; Off                ;
; Extract Verilog State Machines                                             ; On                 ; On                 ;
; Extract VHDL State Machines                                                ; On                 ; On                 ;
; Ignore Verilog initial constructs                                          ; Off                ; Off                ;
; Iteration limit for constant Verilog loops                                 ; 5000               ; 5000               ;
; Iteration limit for non-constant Verilog loops                             ; 250                ; 250                ;
; Add Pass-Through Logic to Inferred RAMs                                    ; On                 ; On                 ;
; Infer RAMs from Raw Logic                                                  ; On                 ; On                 ;
; Parallel Synthesis                                                         ; On                 ; On                 ;
; DSP Block Balancing                                                        ; Auto               ; Auto               ;
; NOT Gate Push-Back                                                         ; On                 ; On                 ;
; Power-Up Don't Care                                                        ; On                 ; On                 ;
; Remove Redundant Logic Cells                                               ; Off                ; Off                ;
; Remove Duplicate Registers                                                 ; On                 ; On                 ;
; Ignore CARRY Buffers                                                       ; Off                ; Off                ;
; Ignore CASCADE Buffers                                                     ; Off                ; Off                ;
; Ignore GLOBAL Buffers                                                      ; Off                ; Off                ;
; Ignore ROW GLOBAL Buffers                                                  ; Off                ; Off                ;
; Ignore LCELL Buffers                                                       ; Off                ; Off                ;
; Ignore SOFT Buffers                                                        ; On                 ; On                 ;
; Limit AHDL Integers to 32 Bits                                             ; Off                ; Off                ;
; Optimization Technique                                                     ; Balanced           ; Balanced           ;
; Carry Chain Length                                                         ; 70                 ; 70                 ;
; Auto Carry Chains                                                          ; On                 ; On                 ;
; Auto Open-Drain Pins                                                       ; On                 ; On                 ;
; Perform WYSIWYG Primitive Resynthesis                                      ; Off                ; Off                ;
; Auto ROM Replacement                                                       ; On                 ; On                 ;
; Auto RAM Replacement                                                       ; On                 ; On                 ;
; Auto DSP Block Replacement                                                 ; On                 ; On                 ;
; Auto Shift Register Replacement                                            ; Auto               ; Auto               ;
; Allow Shift Register Merging across Hierarchies                            ; Auto               ; Auto               ;
; Auto Clock Enable Replacement                                              ; On                 ; On                 ;
; Strict RAM Replacement                                                     ; Off                ; Off                ;
; Allow Synchronous Control Signals                                          ; On                 ; On                 ;
; Force Use of Synchronous Clear Signals                                     ; Off                ; Off                ;
; Auto RAM Block Balancing                                                   ; On                 ; On                 ;
; Auto RAM to Logic Cell Conversion                                          ; Off                ; Off                ;
; Auto Resource Sharing                                                      ; Off                ; Off                ;
; Allow Any RAM Size For Recognition                                         ; Off                ; Off                ;
; Allow Any ROM Size For Recognition                                         ; Off                ; Off                ;
; Allow Any Shift Register Size For Recognition                              ; Off                ; Off                ;
; Use LogicLock Constraints during Resource Balancing                        ; On                 ; On                 ;
; Ignore translate_off and synthesis_off directives                          ; Off                ; Off                ;
; Timing-Driven Synthesis                                                    ; On                 ; On                 ;
; Report Parameter Settings                                                  ; On                 ; On                 ;
; Report Source Assignments                                                  ; On                 ; On                 ;
; Report Connectivity Checks                                                 ; On                 ; On                 ;
; Ignore Maximum Fan-Out Assignments                                         ; Off                ; Off                ;
; Synchronization Register Chain Length                                      ; 2                  ; 2                  ;
; PowerPlay Power Optimization                                               ; Normal compilation ; Normal compilation ;
; HDL message level                                                          ; Level2             ; Level2             ;
; Suppress Register Optimization Related Messages                            ; Off                ; Off                ;
; Number of Removed Registers Reported in Synthesis Report                   ; 5000               ; 5000               ;
; Number of Swept Nodes Reported in Synthesis Report                         ; 5000               ; 5000               ;
; Number of Inverted Registers Reported in Synthesis Report                  ; 100                ; 100                ;
; Clock MUX Protection                                                       ; On                 ; On                 ;
; Auto Gated Clock Conversion                                                ; Off                ; Off                ;
; Block Design Naming                                                        ; Auto               ; Auto               ;
; SDC constraint protection                                                  ; Off                ; Off                ;
; Synthesis Effort                                                           ; Auto               ; Auto               ;
; Shift Register Replacement - Allow Asynchronous Clear Signal               ; On                 ; On                 ;
; Pre-Mapping Resynthesis Optimization                                       ; Off                ; Off                ;
; Analysis & Synthesis Message Level                                         ; Medium             ; Medium             ;
; Disable Register Merging Across Hierarchies                                ; Auto               ; Auto               ;
; Resource Aware Inference For Block RAM                                     ; On                 ; On                 ;
; Synthesis Seed                                                             ; 1                  ; 1                  ;
+----------------------------------------------------------------------------+--------------------+--------------------+


Parallel compilation was disabled, but you have multiple processors available. Enable parallel compilation to reduce compilation time.
+-------------------------------------+
; Parallel Compilation                ;
+----------------------------+--------+
; Processors                 ; Number ;
+----------------------------+--------+
; Number detected on machine ; 4      ;
; Maximum allowed            ; 1      ;
+----------------------------+--------+


+---------------------------------------------------------------------------------------------------------------------------------------------------------------------------------+
; Analysis & Synthesis Source Files Read                                                                                                                                          ;
+----------------------------------+-----------------+------------------------------------+-----------------------------------------------------------------------------+---------+
; File Name with User-Entered Path ; Used in Netlist ; File Type                          ; File Name with Absolute Path                                                ; Library ;
+----------------------------------+-----------------+------------------------------------+-----------------------------------------------------------------------------+---------+
; constants/v_bp_end.vhd           ; yes             ; User Wizard-Generated File         ; C:/arp/constants/v_bp_end.vhd                                               ;         ;
; constants/v_sp_end.vhd           ; yes             ; User Wizard-Generated File         ; C:/arp/constants/v_sp_end.vhd                                               ;         ;
; constants/v_fp_end.vhd           ; yes             ; User Wizard-Generated File         ; C:/arp/constants/v_fp_end.vhd                                               ;         ;
; constants/h_sp_end.vhd           ; yes             ; User Wizard-Generated File         ; C:/arp/constants/h_sp_end.vhd                                               ;         ;
; constants/h_fp_end.vhd           ; yes             ; User Wizard-Generated File         ; C:/arp/constants/h_fp_end.vhd                                               ;         ;
; constants/h_bp_end.vhd           ; yes             ; User Wizard-Generated File         ; C:/arp/constants/h_bp_end.vhd                                               ;         ;
; registers/reg11_inc_ld_clr.bdf   ; yes             ; User Block Diagram/Schematic File  ; C:/arp/registers/reg11_inc_ld_clr.bdf                                       ;         ;
; registers/reg10_inc_ld_clr.bdf   ; yes             ; User Block Diagram/Schematic File  ; C:/arp/registers/reg10_inc_ld_clr.bdf                                       ;         ;
; registers/reg1.bdf               ; yes             ; User Block Diagram/Schematic File  ; C:/arp/registers/reg1.bdf                                                   ;         ;
; arithmetic/cmp16.bdf             ; yes             ; User Block Diagram/Schematic File  ; C:/arp/arithmetic/cmp16.bdf                                                 ;         ;
; arithmetic/cmp4.bdf              ; yes             ; User Block Diagram/Schematic File  ; C:/arp/arithmetic/cmp4.bdf                                                  ;         ;
; per0/ramdac.bdf                  ; yes             ; User Block Diagram/Schematic File  ; C:/arp/per0/ramdac.bdf                                                      ;         ;
; lpm_constant.tdf                 ; yes             ; Megafunction                       ; c:/programdata/altera/13.1/quartus/libraries/megafunctions/lpm_constant.tdf ;         ;
; fh.vhd                           ; yes             ; Auto-Found Wizard-Generated File   ; c:/arp/constants/fh.vhd                                                     ;         ;
; h_va_end.vhd                     ; yes             ; Auto-Found Wizard-Generated File   ; c:/arp/constants/h_va_end.vhd                                               ;         ;
; v_va_end.vhd                     ; yes             ; Auto-Found Wizard-Generated File   ; c:/arp/constants/v_va_end.vhd                                               ;         ;
+----------------------------------+-----------------+------------------------------------+-----------------------------------------------------------------------------+---------+


+---------------------------------------------------------+
; Analysis & Synthesis Resource Usage Summary             ;
+---------------------------------------------+-----------+
; Resource                                    ; Usage     ;
+---------------------------------------------+-----------+
; Estimated Total logic elements              ; 57        ;
;                                             ;           ;
; Total combinational functions               ; 57        ;
; Logic element usage by number of LUT inputs ;           ;
;     -- 4 input functions                    ; 40        ;
;     -- 3 input functions                    ; 10        ;
;     -- <=2 input functions                  ; 7         ;
;                                             ;           ;
; Logic elements by mode                      ;           ;
;     -- normal mode                          ; 57        ;
;     -- arithmetic mode                      ; 0         ;
;                                             ;           ;
; Total registers                             ; 25        ;
;     -- Dedicated logic registers            ; 25        ;
;     -- I/O registers                        ; 0         ;
;                                             ;           ;
; I/O pins                                    ; 47        ;
; Embedded Multiplier 9-bit elements          ; 0         ;
; Maximum fan-out node                        ; CLK~input ;
; Maximum fan-out                             ; 25        ;
; Total fan-out                               ; 335       ;
; Average fan-out                             ; 1.90      ;
+---------------------------------------------+-----------+


+-------------------------------------------------------------------------------------------------------------------------------------------------------------------------------------------------------+
; Analysis & Synthesis Resource Utilization by Entity                                                                                                                                                   ;
+------------------------------+-------------------+--------------+-------------+--------------+---------+-----------+------+--------------+---------------------------------------------+--------------+
; Compilation Hierarchy Node   ; LC Combinationals ; LC Registers ; Memory Bits ; DSP Elements ; DSP 9x9 ; DSP 18x18 ; Pins ; Virtual Pins ; Full Hierarchy Name                         ; Library Name ;
+------------------------------+-------------------+--------------+-------------+--------------+---------+-----------+------+--------------+---------------------------------------------+--------------+
; |ramdac                      ; 57 (22)           ; 25 (4)       ; 0           ; 0            ; 0       ; 0         ; 47   ; 0            ; |ramdac                                     ; work         ;
;    |cmp16:inst19|            ; 2 (0)             ; 0 (0)        ; 0           ; 0            ; 0       ; 0         ; 0    ; 0            ; |ramdac|cmp16:inst19                        ; work         ;
;       |cmp4:inst2|           ; 2 (2)             ; 0 (0)        ; 0           ; 0            ; 0       ; 0         ; 0    ; 0            ; |ramdac|cmp16:inst19|cmp4:inst2             ; work         ;
;    |cmp16:inst8|             ; 4 (0)             ; 0 (0)        ; 0           ; 0            ; 0       ; 0         ; 0    ; 0            ; |ramdac|cmp16:inst8                         ; work         ;
;       |cmp4:inst2|           ; 4 (4)             ; 0 (0)        ; 0           ; 0            ; 0       ; 0         ; 0    ; 0            ; |ramdac|cmp16:inst8|cmp4:inst2              ; work         ;
;    |reg10_inc_ld_clr:inst27| ; 13 (0)            ; 10 (0)       ; 0           ; 0            ; 0       ; 0         ; 0    ; 0            ; |ramdac|reg10_inc_ld_clr:inst27             ; work         ;
;       |reg1:inst10|          ; 2 (2)             ; 1 (1)        ; 0           ; 0            ; 0       ; 0         ; 0    ; 0            ; |ramdac|reg10_inc_ld_clr:inst27|reg1:inst10 ; work         ;
;       |reg1:inst11|          ; 1 (1)             ; 1 (1)        ; 0           ; 0            ; 0       ; 0         ; 0    ; 0            ; |ramdac|reg10_inc_ld_clr:inst27|reg1:inst11 ; work         ;
;       |reg1:inst12|          ; 1 (1)             ; 1 (1)        ; 0           ; 0            ; 0       ; 0         ; 0    ; 0            ; |ramdac|reg10_inc_ld_clr:inst27|reg1:inst12 ; work         ;
;       |reg1:inst13|          ; 2 (2)             ; 1 (1)        ; 0           ; 0            ; 0       ; 0         ; 0    ; 0            ; |ramdac|reg10_inc_ld_clr:inst27|reg1:inst13 ; work         ;
;       |reg1:inst5|           ; 1 (1)             ; 1 (1)        ; 0           ; 0            ; 0       ; 0         ; 0    ; 0            ; |ramdac|reg10_inc_ld_clr:inst27|reg1:inst5  ; work         ;
;       |reg1:inst6|           ; 1 (1)             ; 1 (1)        ; 0           ; 0            ; 0       ; 0         ; 0    ; 0            ; |ramdac|reg10_inc_ld_clr:inst27|reg1:inst6  ; work         ;
;       |reg1:inst7|           ; 2 (2)             ; 1 (1)        ; 0           ; 0            ; 0       ; 0         ; 0    ; 0            ; |ramdac|reg10_inc_ld_clr:inst27|reg1:inst7  ; work         ;
;       |reg1:inst8|           ; 1 (1)             ; 1 (1)        ; 0           ; 0            ; 0       ; 0         ; 0    ; 0            ; |ramdac|reg10_inc_ld_clr:inst27|reg1:inst8  ; work         ;
;       |reg1:inst9|           ; 1 (1)             ; 1 (1)        ; 0           ; 0            ; 0       ; 0         ; 0    ; 0            ; |ramdac|reg10_inc_ld_clr:inst27|reg1:inst9  ; work         ;
;       |reg1:inst|            ; 1 (1)             ; 1 (1)        ; 0           ; 0            ; 0       ; 0         ; 0    ; 0            ; |ramdac|reg10_inc_ld_clr:inst27|reg1:inst   ; work         ;
;    |reg11_inc_ld_clr:inst5|  ; 16 (0)            ; 11 (0)       ; 0           ; 0            ; 0       ; 0         ; 0    ; 0            ; |ramdac|reg11_inc_ld_clr:inst5              ; work         ;
;       |reg1:inst10|          ; 3 (3)             ; 1 (1)        ; 0           ; 0            ; 0       ; 0         ; 0    ; 0            ; |ramdac|reg11_inc_ld_clr:inst5|reg1:inst10  ; work         ;
;       |reg1:inst11|          ; 1 (1)             ; 1 (1)        ; 0           ; 0            ; 0       ; 0         ; 0    ; 0            ; |ramdac|reg11_inc_ld_clr:inst5|reg1:inst11  ; work         ;
;       |reg1:inst12|          ; 2 (2)             ; 1 (1)        ; 0           ; 0            ; 0       ; 0         ; 0    ; 0            ; |ramdac|reg11_inc_ld_clr:inst5|reg1:inst12  ; work         ;
;       |reg1:inst13|          ; 1 (1)             ; 1 (1)        ; 0           ; 0            ; 0       ; 0         ; 0    ; 0            ; |ramdac|reg11_inc_ld_clr:inst5|reg1:inst13  ; work         ;
;       |reg1:inst14|          ; 1 (1)             ; 1 (1)        ; 0           ; 0            ; 0       ; 0         ; 0    ; 0            ; |ramdac|reg11_inc_ld_clr:inst5|reg1:inst14  ; work         ;
;       |reg1:inst5|           ; 2 (2)             ; 1 (1)        ; 0           ; 0            ; 0       ; 0         ; 0    ; 0            ; |ramdac|reg11_inc_ld_clr:inst5|reg1:inst5   ; work         ;
;       |reg1:inst6|           ; 1 (1)             ; 1 (1)        ; 0           ; 0            ; 0       ; 0         ; 0    ; 0            ; |ramdac|reg11_inc_ld_clr:inst5|reg1:inst6   ; work         ;
;       |reg1:inst7|           ; 2 (2)             ; 1 (1)        ; 0           ; 0            ; 0       ; 0         ; 0    ; 0            ; |ramdac|reg11_inc_ld_clr:inst5|reg1:inst7   ; work         ;
;       |reg1:inst8|           ; 1 (1)             ; 1 (1)        ; 0           ; 0            ; 0       ; 0         ; 0    ; 0            ; |ramdac|reg11_inc_ld_clr:inst5|reg1:inst8   ; work         ;
;       |reg1:inst9|           ; 1 (1)             ; 1 (1)        ; 0           ; 0            ; 0       ; 0         ; 0    ; 0            ; |ramdac|reg11_inc_ld_clr:inst5|reg1:inst9   ; work         ;
;       |reg1:inst|            ; 1 (1)             ; 1 (1)        ; 0           ; 0            ; 0       ; 0         ; 0    ; 0            ; |ramdac|reg11_inc_ld_clr:inst5|reg1:inst    ; work         ;
+------------------------------+-------------------+--------------+-------------+--------------+---------+-----------+------+--------------+---------------------------------------------+--------------+
Note: For table entries with two numbers listed, the numbers in parentheses indicate the number of resources of the given type used by the specific entity alone. The numbers listed outside of parentheses indicate the total resources of the given type used by the specific entity and all of its sub-entities in the hierarchy.


+-------------------------------------------------------------------------------------------------------------------------+
; Analysis & Synthesis IP Cores Summary                                                                                   ;
+--------+--------------+---------+--------------+--------------+-------------------------+-------------------------------+
; Vendor ; IP Core Name ; Version ; Release Date ; License Type ; Entity Instance         ; IP Include File               ;
+--------+--------------+---------+--------------+--------------+-------------------------+-------------------------------+
; Altera ; LPM_CONSTANT ; N/A     ; N/A          ; N/A          ; |ramdac|v_bp_end:inst1  ; C:/arp/constants/v_bp_end.vhd ;
; Altera ; LPM_CONSTANT ; N/A     ; N/A          ; N/A          ; |ramdac|v_va_end:inst2  ; c:/arp/constants/v_va_end.vhd ;
; Altera ; LPM_CONSTANT ; N/A     ; N/A          ; N/A          ; |ramdac|h_va_end:inst26 ; c:/arp/constants/h_va_end.vhd ;
; Altera ; LPM_CONSTANT ; N/A     ; N/A          ; N/A          ; |ramdac|fh:inst32       ; c:/arp/constants/fh.vhd       ;
; Altera ; LPM_CONSTANT ; N/A     ; N/A          ; N/A          ; |ramdac|h_fp_end:inst35 ; C:/arp/constants/h_fp_end.vhd ;
; Altera ; LPM_CONSTANT ; N/A     ; N/A          ; N/A          ; |ramdac|h_sp_end:inst36 ; C:/arp/constants/h_sp_end.vhd ;
; Altera ; LPM_CONSTANT ; N/A     ; N/A          ; N/A          ; |ramdac|h_bp_end:inst37 ; C:/arp/constants/h_bp_end.vhd ;
; Altera ; LPM_CONSTANT ; N/A     ; N/A          ; N/A          ; |ramdac|v_fp_end:inst39 ; C:/arp/constants/v_fp_end.vhd ;
; Altera ; LPM_CONSTANT ; N/A     ; N/A          ; N/A          ; |ramdac|v_sp_end:inst40 ; C:/arp/constants/v_sp_end.vhd ;
+--------+--------------+---------+--------------+--------------+-------------------------+-------------------------------+


+------------------------------------------------------+
; General Register Statistics                          ;
+----------------------------------------------+-------+
; Statistic                                    ; Value ;
+----------------------------------------------+-------+
; Total registers                              ; 25    ;
; Number of registers using Synchronous Clear  ; 0     ;
; Number of registers using Synchronous Load   ; 0     ;
; Number of registers using Asynchronous Clear ; 0     ;
; Number of registers using Asynchronous Load  ; 0     ;
; Number of registers using Clock Enable       ; 0     ;
; Number of registers using Preset             ; 0     ;
+----------------------------------------------+-------+


+--------------------------------------------------------------------------------------------------+
; Parameter Settings for User Entity Instance: h_bp_end:inst37|lpm_constant:LPM_CONSTANT_component ;
+--------------------+------------------+----------------------------------------------------------+
; Parameter Name     ; Value            ; Type                                                     ;
+--------------------+------------------+----------------------------------------------------------+
; LPM_WIDTH          ; 16               ; Signed Integer                                           ;
; LPM_CVALUE         ; 1039             ; Signed Integer                                           ;
; ENABLE_RUNTIME_MOD ; NO               ; Untyped                                                  ;
; CBXI_PARAMETER     ; lpm_constant_4m6 ; Untyped                                                  ;
+--------------------+------------------+----------------------------------------------------------+
Note: In order to hide this table in the UI and the text report file, please set the "Show Parameter Settings in Synthesis Report" option in "Analysis and Synthesis Settings -> More Settings" to "Off".


+-------------------------------------------------------------------------------------------------+
; Parameter Settings for User Entity Instance: v_bp_end:inst1|lpm_constant:LPM_CONSTANT_component ;
+--------------------+------------------+---------------------------------------------------------+
; Parameter Name     ; Value            ; Type                                                    ;
+--------------------+------------------+---------------------------------------------------------+
; LPM_WIDTH          ; 16               ; Signed Integer                                          ;
; LPM_CVALUE         ; 665              ; Signed Integer                                          ;
; ENABLE_RUNTIME_MOD ; NO               ; Untyped                                                 ;
; CBXI_PARAMETER     ; lpm_constant_tk6 ; Untyped                                                 ;
+--------------------+------------------+---------------------------------------------------------+
Note: In order to hide this table in the UI and the text report file, please set the "Show Parameter Settings in Synthesis Report" option in "Analysis and Synthesis Settings -> More Settings" to "Off".


+--------------------------------------------------------------------------------------------------+
; Parameter Settings for User Entity Instance: v_fp_end:inst39|lpm_constant:LPM_CONSTANT_component ;
+--------------------+------------------+----------------------------------------------------------+
; Parameter Name     ; Value            ; Type                                                     ;
+--------------------+------------------+----------------------------------------------------------+
; LPM_WIDTH          ; 16               ; Signed Integer                                           ;
; LPM_CVALUE         ; 636              ; Signed Integer                                           ;
; ENABLE_RUNTIME_MOD ; NO               ; Untyped                                                  ;
; CBXI_PARAMETER     ; lpm_constant_5m6 ; Untyped                                                  ;
+--------------------+------------------+----------------------------------------------------------+
Note: In order to hide this table in the UI and the text report file, please set the "Show Parameter Settings in Synthesis Report" option in "Analysis and Synthesis Settings -> More Settings" to "Off".


+--------------------------------------------------------------------------------------------------+
; Parameter Settings for User Entity Instance: v_sp_end:inst40|lpm_constant:LPM_CONSTANT_component ;
+--------------------+------------------+----------------------------------------------------------+
; Parameter Name     ; Value            ; Type                                                     ;
+--------------------+------------------+----------------------------------------------------------+
; LPM_WIDTH          ; 16               ; Signed Integer                                           ;
; LPM_CVALUE         ; 642              ; Signed Integer                                           ;
; ENABLE_RUNTIME_MOD ; NO               ; Untyped                                                  ;
; CBXI_PARAMETER     ; lpm_constant_lk6 ; Untyped                                                  ;
+--------------------+------------------+----------------------------------------------------------+
Note: In order to hide this table in the UI and the text report file, please set the "Show Parameter Settings in Synthesis Report" option in "Analysis and Synthesis Settings -> More Settings" to "Off".


+--------------------------------------------------------------------------------------------------+
; Parameter Settings for User Entity Instance: h_fp_end:inst35|lpm_constant:LPM_CONSTANT_component ;
+--------------------+------------------+----------------------------------------------------------+
; Parameter Name     ; Value            ; Type                                                     ;
+--------------------+------------------+----------------------------------------------------------+
; LPM_WIDTH          ; 16               ; Signed Integer                                           ;
; LPM_CVALUE         ; 855              ; Signed Integer                                           ;
; ENABLE_RUNTIME_MOD ; NO               ; Untyped                                                  ;
; CBXI_PARAMETER     ; lpm_constant_ok6 ; Untyped                                                  ;
+--------------------+------------------+----------------------------------------------------------+
Note: In order to hide this table in the UI and the text report file, please set the "Show Parameter Settings in Synthesis Report" option in "Analysis and Synthesis Settings -> More Settings" to "Off".


+--------------------------------------------------------------------------------------------------+
; Parameter Settings for User Entity Instance: h_sp_end:inst36|lpm_constant:LPM_CONSTANT_component ;
+--------------------+------------------+----------------------------------------------------------+
; Parameter Name     ; Value            ; Type                                                     ;
+--------------------+------------------+----------------------------------------------------------+
; LPM_WIDTH          ; 16               ; Signed Integer                                           ;
; LPM_CVALUE         ; 975              ; Signed Integer                                           ;
; ENABLE_RUNTIME_MOD ; NO               ; Untyped                                                  ;
; CBXI_PARAMETER     ; lpm_constant_ln6 ; Untyped                                                  ;
+--------------------+------------------+----------------------------------------------------------+
Note: In order to hide this table in the UI and the text report file, please set the "Show Parameter Settings in Synthesis Report" option in "Analysis and Synthesis Settings -> More Settings" to "Off".


+--------------------------------------------------------------------------------------------+
; Parameter Settings for User Entity Instance: fh:inst32|lpm_constant:LPM_CONSTANT_component ;
+--------------------+------------------+----------------------------------------------------+
; Parameter Name     ; Value            ; Type                                               ;
+--------------------+------------------+----------------------------------------------------+
; LPM_WIDTH          ; 4                ; Signed Integer                                     ;
; LPM_CVALUE         ; 15               ; Signed Integer                                     ;
; ENABLE_RUNTIME_MOD ; NO               ; Untyped                                            ;
; CBXI_PARAMETER     ; lpm_constant_sf6 ; Untyped                                            ;
+--------------------+------------------+----------------------------------------------------+
Note: In order to hide this table in the UI and the text report file, please set the "Show Parameter Settings in Synthesis Report" option in "Analysis and Synthesis Settings -> More Settings" to "Off".


+--------------------------------------------------------------------------------------------------+
; Parameter Settings for User Entity Instance: h_va_end:inst26|lpm_constant:LPM_CONSTANT_component ;
+--------------------+------------------+----------------------------------------------------------+
; Parameter Name     ; Value            ; Type                                                     ;
+--------------------+------------------+----------------------------------------------------------+
; LPM_WIDTH          ; 16               ; Signed Integer                                           ;
; LPM_CVALUE         ; 799              ; Signed Integer                                           ;
; ENABLE_RUNTIME_MOD ; NO               ; Untyped                                                  ;
; CBXI_PARAMETER     ; lpm_constant_3m6 ; Untyped                                                  ;
+--------------------+------------------+----------------------------------------------------------+
Note: In order to hide this table in the UI and the text report file, please set the "Show Parameter Settings in Synthesis Report" option in "Analysis and Synthesis Settings -> More Settings" to "Off".


+-------------------------------------------------------------------------------------------------+
; Parameter Settings for User Entity Instance: v_va_end:inst2|lpm_constant:LPM_CONSTANT_component ;
+--------------------+------------------+---------------------------------------------------------+
; Parameter Name     ; Value            ; Type                                                    ;
+--------------------+------------------+---------------------------------------------------------+
; LPM_WIDTH          ; 16               ; Signed Integer                                          ;
; LPM_CVALUE         ; 599              ; Signed Integer                                          ;
; ENABLE_RUNTIME_MOD ; NO               ; Untyped                                                 ;
; CBXI_PARAMETER     ; lpm_constant_nk6 ; Untyped                                                 ;
+--------------------+------------------+---------------------------------------------------------+
Note: In order to hide this table in the UI and the text report file, please set the "Show Parameter Settings in Synthesis Report" option in "Analysis and Synthesis Settings -> More Settings" to "Off".


+-------------------------------+
; Elapsed Time Per Partition    ;
+----------------+--------------+
; Partition Name ; Elapsed Time ;
+----------------+--------------+
; Top            ; 00:00:00     ;
+----------------+--------------+


+-------------------------------+
; Analysis & Synthesis Messages ;
+-------------------------------+
Info: *******************************************************************
Info: Running Quartus II 64-Bit Analysis & Synthesis
    Info: Version 13.1.0 Build 162 10/23/2013 SJ Web Edition
    Info: Processing started: Thu Jul 21 01:29:10 2022
Info: Command: quartus_map --read_settings_files=on --write_settings_files=off arp -c arp
Warning (20028): Parallel compilation is not licensed and has been disabled
Info (12021): Found 2 design units, including 1 entities, in source file constants/v_bp_end.vhd
    Info (12022): Found design unit 1: v_bp_end-SYN
    Info (12023): Found entity 1: v_bp_end
Info (12021): Found 2 design units, including 1 entities, in source file constants/v_sp_end.vhd
    Info (12022): Found design unit 1: v_sp_end-SYN
    Info (12023): Found entity 1: v_sp_end
Info (12021): Found 2 design units, including 1 entities, in source file constants/v_out_end.vhd
    Info (12022): Found design unit 1: v_out_end-SYN
    Info (12023): Found entity 1: v_out_end
Info (12021): Found 2 design units, including 1 entities, in source file constants/v_fp_end.vhd
    Info (12022): Found design unit 1: v_fp_end-SYN
    Info (12023): Found entity 1: v_fp_end
Info (12021): Found 2 design units, including 1 entities, in source file constants/h_sp_end.vhd
    Info (12022): Found design unit 1: h_sp_end-SYN
    Info (12023): Found entity 1: h_sp_end
Info (12021): Found 2 design units, including 1 entities, in source file constants/h_out_end.vhd
    Info (12022): Found design unit 1: h_out_end-SYN
    Info (12023): Found entity 1: h_out_end
Info (12021): Found 2 design units, including 1 entities, in source file constants/h_fp_end.vhd
    Info (12022): Found design unit 1: h_fp_end-SYN
    Info (12023): Found entity 1: h_fp_end
Info (12021): Found 2 design units, including 1 entities, in source file constants/h_bp_end.vhd
    Info (12022): Found design unit 1: h_bp_end-SYN
    Info (12023): Found entity 1: h_bp_end
Info (12021): Found 1 design units, including 1 entities, in source file rv/rv.bdf
    Info (12023): Found entity 1: rv
Info (12021): Found 1 design units, including 1 entities, in source file registers/reg32_ld_clr.bdf
    Info (12023): Found entity 1: reg32_ld_clr
Info (12021): Found 1 design units, including 1 entities, in source file registers/reg16_ld_clr.bdf
    Info (12023): Found entity 1: reg16_ld_clr
Info (12021): Found 1 design units, including 1 entities, in source file registers/reg11_inc_ld_clr.bdf
    Info (12023): Found entity 1: reg11_inc_ld_clr
Info (12021): Found 1 design units, including 1 entities, in source file registers/reg10_inc_ld_clr.bdf
    Info (12023): Found entity 1: reg10_inc_ld_clr
Info (12021): Found 1 design units, including 1 entities, in source file registers/reg8_ld_clr.bdf
    Info (12023): Found entity 1: reg8_ld_clr
Info (12021): Found 1 design units, including 1 entities, in source file registers/reg8_inc_ld_clr.bdf
    Info (12023): Found entity 1: reg8_inc_ld_clr
Info (12021): Found 1 design units, including 1 entities, in source file registers/reg4_ld_clr.bdf
    Info (12023): Found entity 1: reg4_ld_clr
Info (12021): Found 1 design units, including 1 entities, in source file registers/reg1.bdf
    Info (12023): Found entity 1: reg1
Info (12021): Found 1 design units, including 1 entities, in source file arithmetic/xor32.bdf
    Info (12023): Found entity 1: xor32
Info (12021): Found 1 design units, including 1 entities, in source file arithmetic/xor16.bdf
    Info (12023): Found entity 1: xor16
Warning (12090): Entity "xor8" obtained from "arithmetic/xor8.bdf" instead of from Quartus II megafunction library
Info (12021): Found 1 design units, including 1 entities, in source file arithmetic/xor8.bdf
    Info (12023): Found entity 1: xor8
Info (12021): Found 1 design units, including 1 entities, in source file arithmetic/sub32.bdf
    Info (12023): Found entity 1: sub32
Info (12021): Found 1 design units, including 1 entities, in source file arithmetic/cmp16.bdf
    Info (12023): Found entity 1: cmp16
Info (12021): Found 1 design units, including 1 entities, in source file arithmetic/cmp4.bdf
    Info (12023): Found entity 1: cmp4
Info (12021): Found 1 design units, including 1 entities, in source file arithmetic/add32.bdf
    Info (12023): Found entity 1: add32
Info (12021): Found 1 design units, including 1 entities, in source file arithmetic/add16.bdf
    Info (12023): Found entity 1: add16
Info (12021): Found 1 design units, including 1 entities, in source file arithmetic/add8.bdf
    Info (12023): Found entity 1: add8
Info (12021): Found 1 design units, including 1 entities, in source file arithmetic/add1.bdf
    Info (12023): Found entity 1: add1
Info (12021): Found 1 design units, including 1 entities, in source file per0/ramdac.bdf
    Info (12023): Found entity 1: ramdac
Info (12021): Found 1 design units, including 1 entities, in source file per0/per0.bdf
    Info (12023): Found entity 1: per0
Info (12021): Found 1 design units, including 1 entities, in source file toplevel.bdf
    Info (12023): Found entity 1: toplevel
Info (12021): Found 1 design units, including 1 entities, in source file arithmetic/dc2_4.bdf
    Info (12023): Found entity 1: dc2_4
Info (12021): Found 1 design units, including 1 entities, in source file arithmetic/mx4_32.bdf
    Info (12023): Found entity 1: mx4_32
Info (12127): Elaborating entity "ramdac" for the top level hierarchy
Warning (275008): Primitive "SRFF" of instance "inst11" not used
Warning (275008): Primitive "SRFF" of instance "inst13" not used
Warning (275008): Primitive "SRFF" of instance "inst22" not used
Warning (275008): Primitive "SRFF" of instance "inst24" not used
Info (12128): Elaborating entity "cmp16" for hierarchy "cmp16:inst17"
Info (12128): Elaborating entity "cmp4" for hierarchy "cmp16:inst17|cmp4:inst3"
Info (12128): Elaborating entity "reg10_inc_ld_clr" for hierarchy "reg10_inc_ld_clr:inst27"
Info (12128): Elaborating entity "reg1" for hierarchy "reg10_inc_ld_clr:inst27|reg1:inst13"
Info (12128): Elaborating entity "reg11_inc_ld_clr" for hierarchy "reg11_inc_ld_clr:inst5"
Info (12128): Elaborating entity "h_bp_end" for hierarchy "h_bp_end:inst37"
Info (12128): Elaborating entity "lpm_constant" for hierarchy "h_bp_end:inst37|lpm_constant:LPM_CONSTANT_component"
Info (12130): Elaborated megafunction instantiation "h_bp_end:inst37|lpm_constant:LPM_CONSTANT_component"
Info (12133): Instantiated megafunction "h_bp_end:inst37|lpm_constant:LPM_CONSTANT_component" with the following parameter:
    Info (12134): Parameter "lpm_cvalue" = "1039"
    Info (12134): Parameter "lpm_hint" = "ENABLE_RUNTIME_MOD=NO"
    Info (12134): Parameter "lpm_type" = "LPM_CONSTANT"
    Info (12134): Parameter "lpm_width" = "16"
Info (12128): Elaborating entity "v_bp_end" for hierarchy "v_bp_end:inst1"
Info (12128): Elaborating entity "lpm_constant" for hierarchy "v_bp_end:inst1|lpm_constant:LPM_CONSTANT_component"
Info (12130): Elaborated megafunction instantiation "v_bp_end:inst1|lpm_constant:LPM_CONSTANT_component"
Info (12133): Instantiated megafunction "v_bp_end:inst1|lpm_constant:LPM_CONSTANT_component" with the following parameter:
    Info (12134): Parameter "lpm_cvalue" = "665"
    Info (12134): Parameter "lpm_hint" = "ENABLE_RUNTIME_MOD=NO"
    Info (12134): Parameter "lpm_type" = "LPM_CONSTANT"
    Info (12134): Parameter "lpm_width" = "16"
Info (12128): Elaborating entity "v_fp_end" for hierarchy "v_fp_end:inst39"
Info (12128): Elaborating entity "lpm_constant" for hierarchy "v_fp_end:inst39|lpm_constant:LPM_CONSTANT_component"
Info (12130): Elaborated megafunction instantiation "v_fp_end:inst39|lpm_constant:LPM_CONSTANT_component"
Info (12133): Instantiated megafunction "v_fp_end:inst39|lpm_constant:LPM_CONSTANT_component" with the following parameter:
    Info (12134): Parameter "lpm_cvalue" = "636"
    Info (12134): Parameter "lpm_hint" = "ENABLE_RUNTIME_MOD=NO"
    Info (12134): Parameter "lpm_type" = "LPM_CONSTANT"
    Info (12134): Parameter "lpm_width" = "16"
Info (12128): Elaborating entity "v_sp_end" for hierarchy "v_sp_end:inst40"
Info (12128): Elaborating entity "lpm_constant" for hierarchy "v_sp_end:inst40|lpm_constant:LPM_CONSTANT_component"
Info (12130): Elaborated megafunction instantiation "v_sp_end:inst40|lpm_constant:LPM_CONSTANT_component"
Info (12133): Instantiated megafunction "v_sp_end:inst40|lpm_constant:LPM_CONSTANT_component" with the following parameter:
    Info (12134): Parameter "lpm_cvalue" = "642"
    Info (12134): Parameter "lpm_hint" = "ENABLE_RUNTIME_MOD=NO"
    Info (12134): Parameter "lpm_type" = "LPM_CONSTANT"
    Info (12134): Parameter "lpm_width" = "16"
Info (12128): Elaborating entity "h_fp_end" for hierarchy "h_fp_end:inst35"
Info (12128): Elaborating entity "lpm_constant" for hierarchy "h_fp_end:inst35|lpm_constant:LPM_CONSTANT_component"
Info (12130): Elaborated megafunction instantiation "h_fp_end:inst35|lpm_constant:LPM_CONSTANT_component"
Info (12133): Instantiated megafunction "h_fp_end:inst35|lpm_constant:LPM_CONSTANT_component" with the following parameter:
    Info (12134): Parameter "lpm_cvalue" = "855"
    Info (12134): Parameter "lpm_hint" = "ENABLE_RUNTIME_MOD=NO"
    Info (12134): Parameter "lpm_type" = "LPM_CONSTANT"
    Info (12134): Parameter "lpm_width" = "16"
Info (12128): Elaborating entity "h_sp_end" for hierarchy "h_sp_end:inst36"
Info (12128): Elaborating entity "lpm_constant" for hierarchy "h_sp_end:inst36|lpm_constant:LPM_CONSTANT_component"
Info (12130): Elaborated megafunction instantiation "h_sp_end:inst36|lpm_constant:LPM_CONSTANT_component"
Info (12133): Instantiated megafunction "h_sp_end:inst36|lpm_constant:LPM_CONSTANT_component" with the following parameter:
    Info (12134): Parameter "lpm_cvalue" = "975"
    Info (12134): Parameter "lpm_hint" = "ENABLE_RUNTIME_MOD=NO"
    Info (12134): Parameter "lpm_type" = "LPM_CONSTANT"
    Info (12134): Parameter "lpm_width" = "16"
Warning (12125): Using design file constants/fh.vhd, which is not specified as a design file for the current project, but contains definitions for 2 design units and 1 entities in project
    Info (12022): Found design unit 1: fh-SYN
    Info (12023): Found entity 1: fh
Info (12128): Elaborating entity "fh" for hierarchy "fh:inst32"
Info (12128): Elaborating entity "lpm_constant" for hierarchy "fh:inst32|lpm_constant:LPM_CONSTANT_component"
Info (12130): Elaborated megafunction instantiation "fh:inst32|lpm_constant:LPM_CONSTANT_component"
Info (12133): Instantiated megafunction "fh:inst32|lpm_constant:LPM_CONSTANT_component" with the following parameter:
    Info (12134): Parameter "lpm_cvalue" = "15"
    Info (12134): Parameter "lpm_hint" = "ENABLE_RUNTIME_MOD=NO"
    Info (12134): Parameter "lpm_type" = "LPM_CONSTANT"
    Info (12134): Parameter "lpm_width" = "4"
Warning (12125): Using design file constants/h_va_end.vhd, which is not specified as a design file for the current project, but contains definitions for 2 design units and 1 entities in project
    Info (12022): Found design unit 1: h_va_end-SYN
    Info (12023): Found entity 1: h_va_end
Info (12128): Elaborating entity "h_va_end" for hierarchy "h_va_end:inst26"
Info (12128): Elaborating entity "lpm_constant" for hierarchy "h_va_end:inst26|lpm_constant:LPM_CONSTANT_component"
Info (12130): Elaborated megafunction instantiation "h_va_end:inst26|lpm_constant:LPM_CONSTANT_component"
Info (12133): Instantiated megafunction "h_va_end:inst26|lpm_constant:LPM_CONSTANT_component" with the following parameter:
    Info (12134): Parameter "lpm_cvalue" = "799"
    Info (12134): Parameter "lpm_hint" = "ENABLE_RUNTIME_MOD=NO"
    Info (12134): Parameter "lpm_type" = "LPM_CONSTANT"
    Info (12134): Parameter "lpm_width" = "16"
Warning (12125): Using design file constants/v_va_end.vhd, which is not specified as a design file for the current project, but contains definitions for 2 design units and 1 entities in project
    Info (12022): Found design unit 1: v_va_end-SYN
    Info (12023): Found entity 1: v_va_end
Info (12128): Elaborating entity "v_va_end" for hierarchy "v_va_end:inst2"
Info (12128): Elaborating entity "lpm_constant" for hierarchy "v_va_end:inst2|lpm_constant:LPM_CONSTANT_component"
Info (12130): Elaborated megafunction instantiation "v_va_end:inst2|lpm_constant:LPM_CONSTANT_component"
Info (12133): Instantiated megafunction "v_va_end:inst2|lpm_constant:LPM_CONSTANT_component" with the following parameter:
    Info (12134): Parameter "lpm_cvalue" = "599"
    Info (12134): Parameter "lpm_hint" = "ENABLE_RUNTIME_MOD=NO"
    Info (12134): Parameter "lpm_type" = "LPM_CONSTANT"
    Info (12134): Parameter "lpm_width" = "16"
Warning (13024): Output pins are stuck at VCC or GND
    Warning (13410): Pin "HDBG[15]" is stuck at GND
    Warning (13410): Pin "HDBG[14]" is stuck at GND
    Warning (13410): Pin "HDBG[13]" is stuck at GND
    Warning (13410): Pin "HDBG[12]" is stuck at GND
    Warning (13410): Pin "HDBG[11]" is stuck at GND
    Warning (13410): Pin "VDBG[15]" is stuck at GND
    Warning (13410): Pin "VDBG[14]" is stuck at GND
    Warning (13410): Pin "VDBG[13]" is stuck at GND
    Warning (13410): Pin "VDBG[12]" is stuck at GND
    Warning (13410): Pin "VDBG[11]" is stuck at GND
    Warning (13410): Pin "VDBG[10]" is stuck at GND
Info (286030): Timing-Driven Synthesis is running
Info (16010): Generating hard_block partition "hard_block:auto_generated_inst"
    Info (16011): Adding 0 node(s), including 0 DDIO, 0 PLL, 0 transceiver and 0 LCELL
Info (21057): Implemented 104 device resources after synthesis - the final resource count might be different
    Info (21058): Implemented 1 input pins
    Info (21059): Implemented 46 output pins
    Info (21061): Implemented 57 logic cells
Info: Quartus II 64-Bit Analysis & Synthesis was successful. 0 errors, 21 warnings
    Info: Peak virtual memory: 4673 megabytes
    Info: Processing ended: Thu Jul 21 01:29:13 2022
    Info: Elapsed time: 00:00:03
    Info: Total CPU time (on all processors): 00:00:01


