MIF/HEX Update report for ARP
Mon Mar 13 13:38:27 2023
Quartus II 64-Bit Version 13.1.0 Build 162 10/23/2013 SJ Web Edition


---------------------
; Table of Contents ;
---------------------
  1. Legal Notice
  2. MIF/HEX Update Summary
  3. MIF/HEX Update Processed Files
  4. MIF/HEX Update Messages



----------------
; Legal Notice ;
----------------
Copyright (C) 1991-2013 Altera Corporation
Your use of Altera Corporation's design tools, logic functions 
and other software and tools, and its AMPP partner logic 
functions, and any output files from any of the foregoing 
(including device programming or simulation files), and any 
associated documentation or information are expressly subject 
to the terms and conditions of the Altera Program License 
Subscription Agreement, Altera MegaCore Function License 
Agreement, or other applicable license agreement, including, 
without limitation, that your use is for the sole purpose of 
programming logic devices manufactured by Altera and sold by 
Altera or its authorized distributors.  Please refer to the 
applicable agreement for further details.



+---------------------------------------------------------------+
; MIF/HEX Update Summary                                        ;
+-----------------------+---------------------------------------+
; MIF/HEX Update Status ; Successful - Mon Mar 13 13:38:27 2023 ;
; Revision Name         ; ARP                                   ;
; Top-level Entity Name ; ARP                                   ;
; Family                ; Cyclone III                           ;
; Device                ; EP3C16F484C6                          ;
+-----------------------+---------------------------------------+


+---------------------------------+
; MIF/HEX Update Processed Files  ;
+---------------------------------+
; File Name                       ;
+---------------------------------+
; C:/projects/ARP/arppm/arppm.mif ;
+---------------------------------+


+-------------------------+
; MIF/HEX Update Messages ;
+-------------------------+
Info: *******************************************************************
Info: Running Quartus II 64-Bit MIF/HEX Update
    Info: Version 13.1.0 Build 162 10/23/2013 SJ Web Edition
    Info: Processing started: Mon Mar 13 13:38:26 2023
Info: Command: quartus_cdb ARP -c ARP --update_mif
Warning (113028): 251 out of 332 addresses are uninitialized. The Quartus II software will initialize them to "0". There are 81 warnings found, and 10 warnings are reported.
    Warning (113027): Addresses ranging from 1 to 3 are not initialized
    Warning (113027): Addresses ranging from 5 to 7 are not initialized
    Warning (113027): Addresses ranging from 9 to 11 are not initialized
    Warning (113026): Memory Initialization File Address 13 is not initialized
    Warning (113026): Memory Initialization File Address 15 is not initialized
    Warning (113027): Addresses ranging from 17 to 19 are not initialized
    Warning (113027): Addresses ranging from 21 to 23 are not initialized
    Warning (113027): Addresses ranging from 25 to 27 are not initialized
    Warning (113027): Addresses ranging from 29 to 31 are not initialized
    Warning (113027): Addresses ranging from 33 to 35 are not initialized
Critical Warning (127005): Memory depth (8192) in the design file differs from memory depth (332) in the Memory Initialization File "C:/projects/ARP/arppm/arppm.mif" -- setting initial value for remaining addresses to 0
Info (39024): Processed the following Memory Initialization File(s)
    Info (39025): Processed Memory Initialization File C:/projects/ARP/arppm/arppm.mif
Info: Quartus II 64-Bit MIF/HEX Update was successful. 0 errors, 12 warnings
    Info: Peak virtual memory: 4644 megabytes
    Info: Processing ended: Mon Mar 13 13:38:27 2023
    Info: Elapsed time: 00:00:01
    Info: Total CPU time (on all processors): 00:00:01


